[INFO,37]:study 移动应用开发Android
[INFO,73]:finished 移动应用开发Android
[INFO,37]:study .NET程序设计
[INFO,73]:finished .NET程序设计
[INFO,37]:study Web编程技术（含分布式计算）
[INFO,73]:finished Web编程技术（含分布式计算）
[INFO,37]:study 我眼中的德国（1）
[INFO,52]:[我眼中的德国（1）]: skip "Einheit1"
[INFO,73]:finished 我眼中的德国（1）
[INFO,37]:study 数据库原理--软件19
[INFO,52]:[数据库原理--软件19]: skip "第二章 关系数据库-上课"
[INFO,52]:[数据库原理--软件19]: skip "第二章 关系数据库 - 课前学习任务"
[INFO,52]:[数据库原理--软件19]: skip "第一章 绪论--课前学习任务"
[INFO,73]:finished 数据库原理--软件19
[INFO,37]:study 概率论与数理统计B
[INFO,52]:[概率论与数理统计B]: skip "概率统计第3章.ppt"
[INFO,52]:[概率论与数理统计B]: skip "概率统计第2章.ppt"
[INFO,73]:finished 概率论与数理统计B
[INFO,37]:study 操作系统
[INFO,73]:finished 操作系统
[INFO,37]:study 形势与政策
[INFO,73]:finished 形势与政策
[INFO,75]:compelete
